<?xml version="1.0" encoding="UTF-8"?>
<testsuite xmlns:xsi="http://www.w3.org/2001/XMLSchema-instance" xsi:noNamespaceSchemaLocation="https://maven.apache.org/surefire/maven-surefire-plugin/xsd/surefire-test-report-3.0.xsd" version="3.0" name="com.jwtAuth.JwtAuthApplicationTests" time="12.208" tests="1" errors="0" skipped="0" failures="0">
  <properties>
[...]
</properties>
  <testcase name="contextLoads" classname="com.jwtAuth.JwtAuthApplicationTests" time="1.476">
    <system-out><![CDATA[13:34:14.745 [main] INFO org.springframework.test.context.support.AnnotationConfigContextLoaderUtils -- Could not detect default configuration classes for test class [com.jwtAuth.JwtAuthApplicationTests]: JwtAuthApplicationTests does not declare any static, non-private, non-final, nested classes annotated with @Configuration.
13:34:14.962 [main] INFO org.springframework.boot.test.context.SpringBootTestContextBootstrapper -- Found @SpringBootConfiguration com.jwtAuth.JwtAuthApplication for test class com.jwtAuth.JwtAuthApplicationTests
13:34:15.370 [main] INFO org.springframework.boot.devtools.restart.RestartApplicationListener -- Restart disabled due to context in which it is running

  .   ____          _            __ _ _
 /\\ / ___'_ __ _ _(_)_ __  __ _ \ \ \ \
( ( )\___ | '_ | '_| | '_ \/ _` | \ \ \ \
 \\/  ___)| |_)| | | | | || (_| |  ) ) ) )
  '  |____| .__|_| |_|_| |_\__, | / / / /
 =========|_|==============|___/=/_/_/_/

 :: Spring Boot ::                (v3.3.6)

2024-12-11T13:34:16.272+05:30  INFO 15556 --- [           main] com.jwtAuth.JwtAuthApplicationTests      : Starting JwtAuthApplicationTests using Java 21.0.4 with PID 15556 (started by Sathya in D:\ancdeploy)
2024-12-11T13:34:16.276+05:30  INFO 15556 --- [           main] com.jwtAuth.JwtAuthApplicationTests      : No active profile set, falling back to 1 default profile: "default"
2024-12-11T13:34:18.332+05:30  INFO 15556 --- [           main] .s.d.r.c.RepositoryConfigurationDelegate : Bootstrapping Spring Data JPA repositories in DEFAULT mode.
2024-12-11T13:34:18.409+05:30  INFO 15556 --- [           main] .s.d.r.c.RepositoryConfigurationDelegate : Finished Spring Data repository scanning in 56 ms. Found 0 JPA repository interfaces.
2024-12-11T13:34:19.132+05:30  INFO 15556 --- [g-Init-Reporter] com.mchange.v2.log.MLog                  : MLog clients using slf4j logging.
2024-12-11T13:34:19.501+05:30  INFO 15556 --- [           main] com.mchange.v2.c3p0.C3P0Registry         : Initializing c3p0-0.9.5.5 [built 11-December-2019 22:18:33 -0800; debug? true; trace: 10]
2024-12-11T13:34:19.582+05:30  INFO 15556 --- [           main] com.jwtAuth.config.HibernateConfig       : ::::::::ComboPooledDataSource::::jdbc:postgresql://ec2-16-171-150-1.eu-north-1.compute.amazonaws.com:5432/postgres::: is created::::::com.mchange.v2.c3p0.ComboPooledDataSource[ identityToken -> 1hge13gb71e5fovq1b2p4t4|6ad1701a, dataSourceName -> 1hge13gb71e5fovq1b2p4t4|6ad1701a ]
2024-12-11T13:34:19.678+05:30  INFO 15556 --- [           main] com.jwtAuth.config.HibernateConfig       : ::::::::Hibernate Session factory is created::::::org.springframework.orm.hibernate5.LocalSessionFactoryBean@23444a36
2024-12-11T13:34:19.824+05:30  INFO 15556 --- [           main] org.hibernate.Version                    : HHH000412: Hibernate ORM core version 6.4.4.Final
2024-12-11T13:34:19.930+05:30  INFO 15556 --- [           main] o.h.c.internal.RegionFactoryInitiator    : HHH000026: Second-level cache disabled
2024-12-11T13:34:20.205+05:30  INFO 15556 --- [           main] c.m.v.c.i.AbstractPoolBackedDataSource   : Initializing c3p0 pool... com.mchange.v2.c3p0.ComboPooledDataSource [ acquireIncrement -> 10, acquireRetryAttempts -> 3, acquireRetryDelay -> 200, autoCommitOnClose -> true, automaticTestTable -> null, breakAfterAcquireFailure -> false, checkoutTimeout -> 6000, connectionCustomizerClassName -> null, connectionTesterClassName -> com.mchange.v2.c3p0.impl.DefaultConnectionTester, contextClassLoaderSource -> caller, dataSourceName -> 1hge13gb71e5fovq1b2p4t4|6ad1701a, debugUnreturnedConnectionStackTraces -> false, description -> null, driverClass -> org.postgresql.Driver, extensions -> {}, factoryClassLocation -> null, forceIgnoreUnresolvedTransactions -> false, forceSynchronousCheckins -> false, forceUseNamedDriverClass -> false, identityToken -> 1hge13gb71e5fovq1b2p4t4|6ad1701a, idleConnectionTestPeriod -> 120, initialPoolSize -> 3, jdbcUrl -> jdbc:postgresql://ec2-16-171-150-1.eu-north-1.compute.amazonaws.com:5432/postgres, maxAdministrativeTaskTime -> 0, maxConnectionAge -> 0, maxIdleTime -> 0, maxIdleTimeExcessConnections -> 0, maxPoolSize -> 90, maxStatements -> 1000, maxStatementsPerConnection -> 0, minPoolSize -> 15, numHelperThreads -> 15, preferredTestQuery -> null, privilegeSpawnedThreads -> false, properties -> {password=******, user=******}, propertyCycle -> 0, statementCacheNumDeferredCloseThreads -> 0, testConnectionOnCheckin -> false, testConnectionOnCheckout -> false, unreturnedConnectionTimeout -> 6000, userOverrides -> {}, usesTraditionalReflectiveProxies -> false ]
2024-12-11T13:34:20.221+05:30  WARN 15556 --- [           main] c.m.v2.resourcepool.BasicResourcePool    : Bad pool size config, start 3 < min 15. Using 15 as start.
2024-12-11T13:34:21.940+05:30  WARN 15556 --- [           main] org.hibernate.orm.deprecation            : HHH90000025: PostgreSQLDialect does not need to be specified explicitly using 'hibernate.dialect' (remove the property setting and it will be selected by default)
2024-12-11T13:34:23.371+05:30  INFO 15556 --- [           main] o.h.e.t.j.p.i.JtaPlatformInitiator       : HHH000489: No JTA platform available (set 'hibernate.transaction.jta.platform' to enable JTA platform integration)
2024-12-11T13:34:23.926+05:30  WARN 15556 --- [           main] JpaBaseConfiguration$JpaWebConfiguration : spring.jpa.open-in-view is enabled by default. Therefore, database queries may be performed during view rendering. Explicitly configure spring.jpa.open-in-view to disable this warning
2024-12-11T13:34:25.057+05:30  INFO 15556 --- [           main] com.jwtAuth.JwtAuthApplicationTests      : Started JwtAuthApplicationTests in 9.714 seconds (process running for 13.326)
]]></system-out>
    <system-err><![CDATA[WARNING: A Java agent has been loaded dynamically (C:\Users\Sathya\.m2\repository\net\bytebuddy\byte-buddy-agent\1.14.19\byte-buddy-agent-1.14.19.jar)
WARNING: If a serviceability tool is in use, please run with -XX:+EnableDynamicAgentLoading to hide this warning
WARNING: If a serviceability tool is not in use, please run with -Djdk.instrument.traceUsage for more information
WARNING: Dynamic loading of agents will be disallowed by default in a future release
]]></system-err>
  </testcase>
</testsuite>